<?xml version="1.0" encoding="UTF-8"?>
<!-- Generated by org.testng.reporters.JUnitReportReporter -->
<testsuite hostname="Mohsins-Air.fritz.box" failures="0" tests="2" name="testCases.TC_002" time="4.639" errors="0" timestamp="19 Jun 2021 19:24:44 GMT" skipped="0">
  <testcase classname="testCases.TC_002" name="loginData" time="2.507"/>
  <testcase classname="testCases.TC_002" name="loginData" time="2.132"/>
</testsuite> <!-- testCases.TC_002 -->
