<?xml version="1.0" encoding="UTF-8"?>
<!-- Generated by org.testng.reporters.JUnitReportReporter -->
<testsuite hostname="Mohsins-Air.fritz.box" failures="0" tests="1" name="testCases.TC_001_Lg" time="2.847" errors="0" timestamp="19 Jun 2021 19:24:44 GMT" skipped="0">
  <testcase classname="testCases.TC_001_Lg" name="AddToCart" time="2.847"/>
</testsuite> <!-- testCases.TC_001_Lg -->
