<?xml version="1.0" encoding="UTF-8"?>
<!-- Generated by org.testng.reporters.JUnitReportReporter -->
<testsuite hostname="Mohsins-Air.fritz.box" failures="0" tests="2" name="testData.ExcelDataProvider" time="0.016" errors="0" timestamp="19 Jun 2021 19:02:21 GMT" skipped="0">
  <testcase classname="testData.ExcelDataProvider" name="test1" time="0.006"/>
  <testcase classname="testData.ExcelDataProvider" name="test1" time="0.010"/>
</testsuite> <!-- testData.ExcelDataProvider -->
